app/proguard-rules.pro
-optimizationpasses 5
-repackageclasses
-ignorewarnings
-dontwarn
-dontnote

-allowaccessmodification
-useuniqueclassmembernames
-keeppackagenames doNotKeepAThing