app/build/outputs/mapping/release/seeds.txt
com.editlike.app.TemplateActivity
com.editlike.app.MainActivity
com.editlike.app.ExportActivity
com.editlike.app.MainActivity$TrimTimelineView: void setVideoPath(java.io.File)
com.editlike.app.MainActivity: MainActivity()
com.editlike.app.MainActivity$TrimTimelineView: float getRightProgress()
com.editlike.app.MainActivity$TrimTimelineView: long getVideoDuration()
com.editlike.app.MainActivity$TrimTimelineView: void setPlayLineEnabled(boolean)
com.editlike.app.MainActivity$TrimTimelineView: void setRadius(int)
com.editlike.app.MainActivity$TrimTimelineView: long getFrameTimeOffset()
com.editlike.app.ExportActivity: ExportActivity()
com.editlike.app.MainActivity$TrimTimelineView: float getPlayProgress()
com.editlike.app.MainActivity$TrimTimelineView: long getStartTime()
com.editlike.app.MainActivity$TrimTimelineView: void setMaxProgressDiff(float)
com.editlike.app.MainActivity$TrimTimelineView: void setColor(int)
com.editlike.app.MainActivity$TrimTimelineView: void setRoundFrames(boolean)
com.editlike.app.MainActivity$TrimTimelineView: void setTimelineColor(int)
com.editlike.app.MainActivity$TrimTimelineView: void setListener(com.editlike.app.MainActivity$TrimTimelineViewListener)
com.editlike.app.MainActivity$TrimTimelineView: long getCroppedDuration()
com.editlike.app.MainActivity$TrimTimelineView: long getEndTime()
com.editlike.app.MainActivity$TrimTimelineView: void setMinProgressDiff(float)
com.editlike.app.TemplateActivity: TemplateActivity()
com.editlike.app.MainActivity$TrimTimelineView: float getLeftProgress()
com.editlike.app.MainActivity$TrimTimelineView: void setIconColors(int)
com.editlike.app.MainActivity$TrimTimelineView: void setVideoPath(java.lang.String)
com.editlike.app.MainActivity$TrimTimelineView: int getFrameWidth()
com.editlike.app.MainActivity$TrimTimelineView: int getFrameHeight()
com.editlike.app.MainActivity$TrimTimelineView: void setProgress(float)
...
com.unity3d.services.ads.token.f: com.unity3d.services.ads.token.f[] values()
androidx.core.view.WindowInsetsCompat$Impl30: WindowInsetsCompat$Impl30(androidx.core.view.WindowInsetsCompat,androidx.core.view.WindowInsetsCompat$Impl30)
com.google.android.material.chip.Chip: void setChipTextResource(int)
androidx.appcompat.widget.ActionBarOverlayLayout: void setUiOptions(int)
androidx.appcompat.widget.AppCompatCheckBox: android.graphics.PorterDuff$Mode getSupportBackgroundTintMode()
com.arthenica.ffmpegkit.LogRedirectionStrategy: com.arthenica.ffmpegkit.LogRedirectionStrategy valueOf(java.lang.String)
com.google.android.material.snackbar.BaseTransientBottomBar$SnackbarBaseLayout: BaseTransientBottomBar$SnackbarBaseLayout(android.content.Context,android.util.AttributeSet)
androidx.appcompat.widget.AppCompatTextView: void setTextMetricsParamsCompat(androidx.core.text.PrecomputedTextCompat$Params)
com.unity3d.services.core.api.Cache: void getTotalSpace(com.unity3d.services.core.webview.bridge.l)
com.unity3d.services.banners.UnityBanners: void setBannerListener(com.unity3d.services.banners.IUnityBannerListener)
androidx.core.view.ViewCompat$Api21Impl: boolean dispatchNestedPreFling(android.view.View,float,float)
androidx.appcompat.widget.AppCompatRadioButton: androidx.appcompat.widget.AppCompatEmojiTextHelper getEmojiTextViewHelper()
com.unity3d.services.core.configuration.IModuleConfiguration: boolean initModuleState(com.unity3d.services.core.configuration.Configuration)
androidx.coordinatorlayout.widget.CoordinatorLayout: android.graphics.drawable.Drawable getStatusBarBackground()
com.unity3d.scar.adapter.v1920.signals.QueryInfoMetadata: java.lang.String getError()
com.unity3d.services.ads.adunit.a: com.unity3d.services.ads.adunit.a[] values()
com.google.android.material.textfield.TextInputLayout: void setStartIconTintList(android.content.res.ColorStateList)
androidx.core.view.ViewCompat$Api29Impl: void saveAttributeDataForStyleable(android.view.View,android.content.Context,int[],android.util.AttributeSet,android.content.res.TypedArray,int,int)
androidx.core.view.ViewCompat$Api16Impl: void setImportantForAccessibility(android.view.View,int)
com.unity3d.services.analytics.core.api.Analytics: void addExtras(java.lang.String,com.unity3d.services.core.webview.bridge.l)
com.unity3d.services.core.configuration.IInitializeEventsMetricSender: java.lang.Long duration()
android.support.v4.app.RemoteActionCompatParcelizer: androidx.core.app.RemoteActionCompat read(androidx.versionedparcelable.VersionedParcel)
androidx.cardview.widget.CardView: void setCardElevation(float)
com.unity3d.services.banners.api.Banner: void load(java.lang.String,java.lang.Integer,java.lang.Integer,java.lang.String,com.unity3d.services.core.webview.bridge.l)
androidx.appcompat.widget.AppCompatButton: int getAutoSizeMinTextSize()
com.unity3d.ads.metadata.MediationMetaData: MediationMetaData(android.content.Context)
androidx.appcompat.widget.AppCompatCheckedTextView: android.graphics.PorterDuff$Mode getSupportCheckMarkTintMode()
androidx.appcompat.widget.AppCompatTextViewAutoSizeHelper$Impl: boolean isHorizontallyScrollable(android.widget.TextView)
androidx.appcompat.widget.AppCompatImageButton: void setImageLevel(int)
com.unity3d.services.ads.api.VideoPlayer: void seekTo(java.lang.Integer,com.unity3d.services.core.webview.bridge.l)
com.google.android.material.floatingactionbutton.FloatingActionButton: void setShapeAppearanceModel(com.google.android.material.shape.ShapeAppearanceModel)
com.google.android.material.chip.Chip: android.content.res.ColorStateList getRippleColor()
com.unity3d.scar.adapter.v1950.scarads.ScarRewardedAd: void loadAdInternal(com.unity3d.scar.adapter.common.scarads.IScarLoadListener,com.google.android.gms.ads.AdRequest)
androidx.core.content.ContextCompat$Api21Impl: android.graphics.drawable.Drawable getDrawable(android.content.Context,int)
androidx.cardview.widget.CardView: void setCardBackgroundColor(int)