app/build/outputs/mapping/release/usage.txt
com.editlike.app.BuildConfig
com.editlike.app.FileUtil:
    public void <init>()
    private static void createNewFile(java.lang.String)
com.editlike.app.MainActivity$TrimTimelineView:
    public void <init>(android.content.Context,android.util.AttributeSet)
    public void <init>(android.content.Context,android.util.AttributeSet,int)
    public boolean isDragging()
    public boolean isLeftDragging()
    public boolean isPlayDragging()
    public boolean isPlayLineEnabled()
    public boolean isRightDragging()
    public void reloadFrames()
com.editlike.app.MainActivity:
    public void Bundle()
com.editlike.app.R$color
com.editlike.app.R$drawable
com.editlike.app.R$id
com.editlike.app.R$layout
com.editlike.app.R$mipmap
com.editlike.app.R$raw
com.editlike.app.R$string
com.editlike.app.R$style
com.editlike.app.R
com.editlike.app.Util
com.editlike.app.databinding.ActivityMainBinding
com.editlike.app.databinding.BackgroundlayoutBinding
com.editlike.app.databinding.BackgroundviewBinding
com.editlike.app.databinding.DescriptionviewBinding
com.editlike.app.databinding.ExportBinding:
    public synthetic bridge android.view.View getRoot()
com.editlike.app.databinding.StatusbarviewBinding
com.editlike.app.databinding.TemplateBinding:
    public synthetic bridge android.view.View getRoot()
com.editlike.app.databinding.ToolbarviewBinding
com.editlike.app.databinding.VideosizeviewBinding
com.editlike.app.ExportActivity$2:
    public final void apply(com.arthenica.ffmpegkit.FFmpegSession)
com.editlike.app.ExportActivity:
    public java.util.Calendar cal1
    public static synthetic bridge com.editlike.app.databinding.ExportBinding -$$Nest$fgetbinding(com.editlike.app.ExportActivity)
    public static synthetic bridge java.lang.String -$$Nest$fgetexportvideoname(com.editlike.app.ExportActivity)
    public static synthetic bridge java.lang.String -$$Nest$fgetexportvideopath(com.editlike.app.ExportActivity)
    public static synthetic bridge android.os.ParcelFileDescriptor -$$Nest$fgetpfd(com.editlike.app.ExportActivity)
    public static synthetic bridge android.net.Uri -$$Nest$fgeturiSavedVideo(com.editlike.app.ExportActivity)
    public static synthetic bridge android.content.ContentValues -$$Nest$fgetvalues(com.editlike.app.ExportActivity)
    public static synthetic bridge void -$$Nest$fputuriSavedVideo(com.editlike.app.ExportActivity,android.net.Uri)
com.editlike.app.MainActivity$18$1:
    public final synthetic com.editlike.app.MainActivity$18 this$1
com.editlike.app.MainActivity$18$2:
    public final void onClick(android.content.DialogInterface,int,java.lang.Integer[])
com.editlike.app.MainActivity$18$3:
    public final synthetic com.editlike.app.MainActivity$18 this$1
com.editlike.app.MainActivity$21:
    public final synthetic com.editlike.app.MainActivity this$0
com.editlike.app.MainActivity$22:
    public final synthetic com.editlike.app.MainActivity this$0
com.editlike.app.MainActivity$TrimTimelineView$1:
    public final void frameDecoded(android.graphics.Bitmap,int)
com.editlike.app.MainActivity$TrimTimelineView:
    public final void clearFrames()
    public final void destroy()
    public final int getTimelineColor(int)
    public final void init(android.util.AttributeSet)
    public final boolean isRoundFrames()
com.editlike.app.MainActivity$TrimTimelineViewListener:
    public abstract void onLeftProgressChanged(float)
    public abstract void onRightProgressChanged(float)
com.editlike.app.MainActivity$VideoFrameDecoder$VideoFrameDecoderListener:
    public abstract void frameDecoded(android.graphics.Bitmap,int)
com.editlike.app.MainActivity$VideoFrameDecoder:
    public final varargs android.graphics.Bitmap doInBackground(java.lang.Integer[])
    public final void onPostExecute(android.graphics.Bitmap)
com.editlike.app.MainActivity$VideoFrameDecoderUtils:
    public final void load(com.editlike.app.MainActivity$TrimTimelineView)
...
com.google.android.material.textfield.StartCompoundLayout:
    public final java.lang.CharSequence getPrefixText()
    public final android.content.res.ColorStateList getPrefixTextColor()
    public final android.widget.TextView getPrefixTextView()
    public final java.lang.CharSequence getStartIconContentDescription()
    public final android.graphics.drawable.Drawable getStartIconDrawable()
    public final void initPrefixTextView(androidx.appcompat.widget.TintTypedArray)
    public final void initStartIconView(androidx.appcompat.widget.TintTypedArray)
    public final boolean isStartIconVisible()
    public final void onHintStateChanged(boolean)
    public final void refreshStartIconDrawableState()
    public final void setPrefixText(java.lang.CharSequence)
    public final void setPrefixTextAppearance(int)
    public final void setPrefixTextColor(android.content.res.ColorStateList)
    public final void setStartIconCheckable(boolean)
    public final void setStartIconTintList(android.content.res.ColorStateList)
    public final void setStartIconTintMode(android.graphics.PorterDuff$Mode)
    public final void setupAccessibilityNodeInfo(androidx.core.view.accessibility.AccessibilityNodeInfoCompat)
com.google.android.material.textfield.TextInputEditText:
    public final java.lang.String getAccessibilityNodeInfoText(com.google.android.material.textfield.TextInputLayout)
com.google.android.material.textfield.TextInputLayout$SavedState$1:
    public final com.google.android.material.textfield.TextInputLayout$SavedState createFromParcel(android.os.Parcel)
    public final com.google.android.material.textfield.TextInputLayout$SavedState createFromParcel(android.os.Parcel,java.lang.ClassLoader)
    public final com.google.android.material.textfield.TextInputLayout$SavedState[] newArray(int)
com.google.android.material.textfield.TextInputLayout:
    public static final int DEF_STYLE_RES
    public static void <clinit>()
    public static synthetic com.google.android.material.internal.CheckableImageButton access$300(com.google.android.material.textfield.TextInputLayout)
    public final void addPlaceholderTextView()
    public final void adjustFilledEditTextPaddingForLargeFont()
    public final void applyBoxUnderlineAttributes()
    public final void applyCutoutPadding(android.graphics.RectF)
    public final void assignBoxBackgroundByMode()
    public final int calculateBoxBackgroundColor()
    public final android.graphics.Rect calculateCollapsedTextBounds(android.graphics.Rect)
    public final int calculateExpandedLabelBottom(android.graphics.Rect,android.graphics.Rect,float)
    public final int calculateExpandedLabelTop(android.graphics.Rect,float)
    public final android.graphics.Rect calculateExpandedTextBounds(android.graphics.Rect)
    public final boolean canDrawOutlineStroke()
    public final boolean canDrawStroke()
    public final void closeCutout()
    public final void collapseHint(boolean)
    public final androidx.transition.Fade createPlaceholderFadeTransition()
    public final void dispatchOnEditTextAttached()
    public final void dispatchOnEndIconChanged(int)
    public final void drawBoxUnderline(android.graphics.Canvas)
    public final void drawHint(android.graphics.Canvas)
    public final void expandHint(boolean)
com.google.android.material.timepicker.ChipTextInputComboView$1
com.google.android.material.timepicker.ChipTextInputComboView:
    public android.widget.TextView label
    public final com.google.android.material.textfield.TextInputLayout textInputLayout
    public static synthetic com.google.android.material.chip.Chip access$200(com.google.android.material.timepicker.ChipTextInputComboView)
    public final java.lang.String formatText(java.lang.CharSequence)